0 info it worked if it ends with ok
1 verbose cli [ '/usr/bin/nodejs', '/usr/bin/npm', 'publish' ]
2 info using npm@3.10.10
3 info using node@v6.11.2
4 verbose publish [ '.' ]
5 silly cache add args [ '.', null ]
6 verbose cache add spec .
7 silly cache add parsed spec Result {
7 silly cache add   raw: '.',
7 silly cache add   scope: null,
7 silly cache add   escapedName: null,
7 silly cache add   name: null,
7 silly cache add   rawSpec: '.',
7 silly cache add   spec: '/home/muramasa/Desarrollo/helper-tools',
7 silly cache add   type: 'directory' }
8 verbose addLocalDirectory /home/muramasa/.npm/helper-tools/0.1.3/package.tgz not in flight; packing
9 verbose correctMkdir /home/muramasa/.npm correctMkdir not in flight; initializing
10 info lifecycle helper-tools@0.1.3~prepublish: helper-tools@0.1.3
11 silly lifecycle helper-tools@0.1.3~prepublish: no script for prepublish, continuing
12 verbose tar pack [ '/home/muramasa/.npm/helper-tools/0.1.3/package.tgz',
12 verbose tar pack   '/home/muramasa/Desarrollo/helper-tools' ]
13 verbose tarball /home/muramasa/.npm/helper-tools/0.1.3/package.tgz
14 verbose folder /home/muramasa/Desarrollo/helper-tools
15 verbose addLocalTarball adding from inside cache /home/muramasa/.npm/helper-tools/0.1.3/package.tgz
16 verbose correctMkdir /home/muramasa/.npm correctMkdir not in flight; initializing
17 silly cache afterAdd helper-tools@0.1.3
18 verbose afterAdd /home/muramasa/.npm/helper-tools/0.1.3/package/package.json not in flight; writing
19 verbose correctMkdir /home/muramasa/.npm correctMkdir not in flight; initializing
20 verbose afterAdd /home/muramasa/.npm/helper-tools/0.1.3/package/package.json written
21 silly publish { name: 'helper-tools',
21 silly publish   version: '0.1.3',
21 silly publish   repository:
21 silly publish    { type: 'git',
21 silly publish      url: 'git+https://github.com/Muramasah/helper-tools.git' },
21 silly publish   description: 'Helper tools for agnostic development.',
21 silly publish   main: 'index.js',
21 silly publish   scripts:
21 silly publish    { 'build:app': 'node node_modules/webpack/bin/webpack.js --config ./src/webpack.config.js',
21 silly publish      'build:test': 'node node_modules/webpack/bin/webpack.js --config ./src/test/webpack.config.js',
21 silly publish      test: 'yarn build:test && ./node_modules/.bin/mocha --compilers js:babel-core/register' },
21 silly publish   keywords: [ 'helper', 'tools', 'validation', 'form', 'object', 'methods' ],
21 silly publish   author:
21 silly publish    { name: 'Xavier Felipe Medina',
21 silly publish      email: 'medina.xavier.felipe@gmai.com' },
21 silly publish   license: 'GPL-3.0',
21 silly publish   devDependencies:
21 silly publish    { babel: '^6.23.0',
21 silly publish      'babel-cli': '^6.26.0',
21 silly publish      'babel-core': '^6.26.0',
21 silly publish      'babel-loader': '^7.1.2',
21 silly publish      'babel-polyfill': '^6.26.0',
21 silly publish      'babel-preset-env': '^1.6.0',
21 silly publish      'babel-preset-es2016': '^6.24.1',
21 silly publish      'babel-preset-stage-0': '^6.24.1',
21 silly publish      'babel-register': '^6.26.0',
21 silly publish      chai: '^4.1.2',
21 silly publish      'chai-virtual-dom': '^1.0.0',
21 silly publish      'extract-text-webpack-plugin': '^3.0.0',
21 silly publish      mocha: '^3.5.0',
21 silly publish      'virtual-dom': '^2.1.1',
21 silly publish      webpack: '^3.5.5' },
21 silly publish   readme: '# helper-tools\n Helper fuctions for frontend development.\n\n## Introducción\n Helper Tools es un conjunto de métodos que evitan codigo boilerplate.\n\n## Instalación\n\n Se puede instalar mediante `npm install helper-tools` o `yarn add \'helper-tools\'`. También se puede incluir el archivo ./index.js en el explorador:\n\n ```html\n <script src="/path/to/helper-tools/index.js"></script>\n```\n\n## Cómo utilizarlo\n La práctica recomendada es incluir por método a utilizar, por más que se proveen objetos contenedores tanto para la librería como para cada módulo. Para esto deben utilizar ES6 e importar las funciones desde los archivos en "helper-tools/src/{modulo}".\n\n Si utilizan la librería incluyéndola en un tag script van a tener disponible un objeto singleton \'helperTools\'. También pueden importar este objeto:\n\n ```javascript\n  import helperTools from \'helper-tools\';\n ```\n \n Ejemplo:\n \n ```javascript\n  import helperTools from \'helper-tools\';\n\n  const name = \'\';\n  \n  console.log(helperTools.validate.isNotEmpty(name)); //false\n  ```\n\n Si utilizan ES6 pueden incluir por módulo:\n\n ```javascript\n  import modulo from \'helper-tools/{modulo}\';\n ```\n\n Ejemplo:\n \n ```javascript\n  import validation from \'helper-tools/src/validaton\';\n\n  const email = \'juan.perez@gmail.com\';\n\n  console.log(validation.isEmailValid(email)); //true\n ```\n\n O por metodo:\n\n ```javascript\n  import { metodoIncreible, superMetodo } from \'helper-tools/src/{modulo}\';\n ```\n\n Ejemplo:\n ```javascript\n  import { forEach } from \'helper-tools/src/object\';\n  import { addClass } from \'helper-tools/src/dom\';\n\n  let domElements = document.getElementsByClassName(\'item\');\n\n  forEach(domElements, (domEl) => {\n     addClass(domEl, \'border green\');\n  });\n ```\n Esta última es la forma recomendada para mejor performance.\n\n## Módulos\n ### Form\n `form.js` contiene metodos para facilitar el manejo de objetos.\n #### validateField\n Valida un elemento del dom segn su valor y su data-validate.\n ### areFormFieldsValid\n Valida un array de elementos del dom con validateField.\n\n### Method\n `method.js` contiene metodos para facilitar el manejo de funciones.\n #### bindThisToMethods\n Recibe un array de funciones y les agrega como referencia interna (this) el objeto dado.\n #### executeIf\n Si se cumple la condicin dada ejecuta la función pasada.\n #### executeIfElse\n Si se cumple la condicin dada ejecuta la función pasada sino ejecuta la segunda función dada.\n\n### Object\n `object.js` contiene metodos para facilitar el manejo de objetos.\n #### forEach\n Recorre un objeto o array y ejecuta una función para cada elemento.\n\n### Validation\n `validation.js` contiene metodos para validar datos.\n #### isEmailValid\n Valida un string con el formato `string@string.string`\n #### isPasswordValid\n Valida un password\n TODO: Agregar largo y caracteres requeridos.\n #### areStringsEqualAndNonEmpty\n Valida si dos strings son iguales y no están vacíos.\n #### testRegex\n Prueba si un string es valido segun un regex dado.\n #### isNotEmpty\n Valida si la variable está definida y si no es un string vacío.\n #### isPhoneNumberValid\n Valida si es un teléfono valido:\n TODO: Agregar distintos tipos de formato.\n',
21 silly publish   readmeFilename: 'README.md',
21 silly publish   gitHead: '6527e47c54ad9785e3bf0d73bcbc6844f633f86c',
21 silly publish   bugs: { url: 'https://github.com/Muramasah/helper-tools/issues' },
21 silly publish   homepage: 'https://github.com/Muramasah/helper-tools#readme',
21 silly publish   _id: 'helper-tools@0.1.3',
21 silly publish   _shasum: 'c72ceab72cdeff7ac1ad36ba298668e45487f44d',
21 silly publish   _from: '.' }
22 verbose getPublishConfig undefined
23 silly mapToRegistry name helper-tools
24 silly mapToRegistry using default registry
25 silly mapToRegistry registry https://registry.npmjs.org/
26 silly mapToRegistry data Result {
26 silly mapToRegistry   raw: 'helper-tools',
26 silly mapToRegistry   scope: null,
26 silly mapToRegistry   escapedName: 'helper-tools',
26 silly mapToRegistry   name: 'helper-tools',
26 silly mapToRegistry   rawSpec: '',
26 silly mapToRegistry   spec: 'latest',
26 silly mapToRegistry   type: 'tag' }
27 silly mapToRegistry uri https://registry.npmjs.org/helper-tools
28 verbose publish registryBase https://registry.npmjs.org/
29 silly publish uploading /home/muramasa/.npm/helper-tools/0.1.3/package.tgz
30 verbose request uri https://registry.npmjs.org/helper-tools
31 verbose request sending authorization for write operation
32 info attempt registry request try #1 at 15:05:36
33 verbose request using bearer token for auth
34 verbose request id 26cd43292370fc40
35 http request PUT https://registry.npmjs.org/helper-tools
36 http 403 https://registry.npmjs.org/helper-tools
37 verbose headers { 'content-type': 'application/json',
37 verbose headers   'cache-control': 'max-age=300',
37 verbose headers   'content-length': '91',
37 verbose headers   'accept-ranges': 'bytes',
37 verbose headers   date: 'Sun, 03 Sep 2017 18:05:45 GMT',
37 verbose headers   via: '1.1 varnish',
37 verbose headers   connection: 'keep-alive',
37 verbose headers   'x-served-by': 'cache-mia17628-MIA',
37 verbose headers   'x-cache': 'MISS',
37 verbose headers   'x-cache-hits': '0',
37 verbose headers   'x-timer': 'S1504461938.071736,VS0,VE7173',
37 verbose headers   vary: 'Accept-Encoding, Accept' }
38 verbose request invalidating /home/muramasa/.npm/registry.npmjs.org/helper-tools on PUT
39 error publish Failed PUT 403
40 verbose stack Error: You cannot publish over the previously published version 0.1.3. : helper-tools
40 verbose stack     at makeError (/usr/lib/node_modules/npm/node_modules/npm-registry-client/lib/request.js:302:12)
40 verbose stack     at CachingRegistryClient.<anonymous> (/usr/lib/node_modules/npm/node_modules/npm-registry-client/lib/request.js:290:14)
40 verbose stack     at Request._callback (/usr/lib/node_modules/npm/node_modules/npm-registry-client/lib/request.js:210:14)
40 verbose stack     at Request.self.callback (/usr/lib/node_modules/npm/node_modules/request/request.js:187:22)
40 verbose stack     at emitTwo (events.js:106:13)
40 verbose stack     at Request.emit (events.js:191:7)
40 verbose stack     at Request.<anonymous> (/usr/lib/node_modules/npm/node_modules/request/request.js:1048:10)
40 verbose stack     at emitOne (events.js:96:13)
40 verbose stack     at Request.emit (events.js:188:7)
40 verbose stack     at IncomingMessage.<anonymous> (/usr/lib/node_modules/npm/node_modules/request/request.js:969:12)
41 verbose statusCode 403
42 verbose pkgid helper-tools
43 verbose cwd /home/muramasa/Desarrollo/helper-tools
44 error Linux 4.8.0-45-generic
45 error argv "/usr/bin/nodejs" "/usr/bin/npm" "publish"
46 error node v6.11.2
47 error npm  v3.10.10
48 error code E403
49 error You cannot publish over the previously published version 0.1.3. : helper-tools
50 error If you need help, you may report this error at:
50 error     <https://github.com/npm/npm/issues>
51 verbose exit [ 1, true ]
